gyp info it worked if it ends with ok
gyp info using node-gyp@3.8.0
gyp info using node@10.16.0 | darwin | x64
gyp info spawn /usr/bin/python
gyp info spawn args [ '/usr/local/lib/node_modules/npm/node_modules/node-gyp/gyp/gyp_main.py',
gyp info spawn args   'binding.gyp',
gyp info spawn args   '-f',
gyp info spawn args   'make',
gyp info spawn args   '-I',
gyp info spawn args   '/Users/netty0911/09-阿里百秀 - 副本/day02/2-代码/myalibaixiu/node_modules/kerberos/build/config.gypi',
gyp info spawn args   '-I',
gyp info spawn args   '/usr/local/lib/node_modules/npm/node_modules/node-gyp/addon.gypi',
gyp info spawn args   '-I',
gyp info spawn args   '/Users/netty0911/.node-gyp/10.16.0/include/node/common.gypi',
gyp info spawn args   '-Dlibrary=shared_library',
gyp info spawn args   '-Dvisibility=default',
gyp info spawn args   '-Dnode_root_dir=/Users/netty0911/.node-gyp/10.16.0',
gyp info spawn args   '-Dnode_gyp_dir=/usr/local/lib/node_modules/npm/node_modules/node-gyp',
gyp info spawn args   '-Dnode_lib_file=/Users/netty0911/.node-gyp/10.16.0/<(target_arch)/node.lib',
gyp info spawn args   '-Dmodule_root_dir=/Users/netty0911/09-阿里百秀 - 副本/day02/2-代码/myalibaixiu/node_modules/kerberos',
gyp info spawn args   '-Dnode_engine=v8',
gyp info spawn args   '--depth=.',
gyp info spawn args   '--no-parallel',
gyp info spawn args   '--generator-output',
gyp info spawn args   'build',
gyp info spawn args   '-Goutput_dir=.' ]
gyp info spawn make
gyp info spawn args [ 'BUILDTYPE=Release', '-C', 'build' ]
In file included from ../lib/kerberos.cc:1:
In file included from ../lib/kerberos.h:9:
In file included from ../../nan/nan.h:82:
../../nan/nan_new.h:29:56: warning: 'ToInteger' is deprecated [-Wdeprecated-declarations]
To<v8::Integer>(v8::Handle<v8::Integer> i) { return i->ToInteger(); }
                                                       ^
/Users/netty0911/.node-gyp/10.16.0/include/node/v8.h:2456:10: note: 'ToInteger' has been explicitly marked deprecated here
  inline V8_DEPRECATED("Use maybe version",
         ^
/Users/netty0911/.node-gyp/10.16.0/include/node/v8config.h:327:29: note: expanded from macro 'V8_DEPRECATED'
  declarator __attribute__((deprecated))
                            ^
In file included from ../lib/kerberos.cc:1:
In file included from ../lib/kerberos.h:9:
In file included from ../../nan/nan.h:82:
../../nan/nan_new.h:34:56: error: no matching member function for call to 'ToInt32'
To<v8::Int32>(v8::Handle<v8::Integer> i)   { return i->ToInt32(); }
                                                    ~~~^~~~~~~
/Users/netty0911/.node-gyp/10.16.0/include/node/v8.h:2437:43: note: candidate function not viable: requires single argument 'context', but no arguments were provided
  V8_WARN_UNUSED_RESULT MaybeLocal<Int32> ToInt32(Local<Context> context) const;
                                          ^
/Users/netty0911/.node-gyp/10.16.0/include/node/v8.h:2450:30: note: candidate function not viable: requires single argument 'isolate', but no arguments were provided
                Local<Int32> ToInt32(Isolate* isolate) const);
                             ^
In file included from ../lib/kerberos.cc:1:
In file included from ../lib/kerberos.h:9:
In file included from ../../nan/nan.h:82:
../../nan/nan_new.h:39:65: error: too few arguments to function call, single argument 'context' was not specified
To<v8::Uint32>(v8::Handle<v8::Integer> i)  { return i->ToUint32(); }
                                                    ~~~~~~~~~~~ ^
/Users/netty0911/.node-gyp/10.16.0/include/node/v8.h:2435:3: note: 'ToUint32' declared here
  V8_WARN_UNUSED_RESULT MaybeLocal<Uint32> ToUint32(
  ^
/Users/netty0911/.node-gyp/10.16.0/include/node/v8config.h:416:31: note: expanded from macro 'V8_WARN_UNUSED_RESULT'
#define V8_WARN_UNUSED_RESULT __attribute__((warn_unused_result))
                              ^
In file included from ../lib/kerberos.cc:1:
In file included from ../lib/kerberos.h:9:
In file included from ../../nan/nan.h:82:
In file included from ../../nan/nan_new.h:189:
../../nan/nan_implementation_12_inl.h:49:38: error: too few arguments to function call, expected 2, have 1
  return v8::BooleanObject::New(value).As<v8::BooleanObject>();
         ~~~~~~~~~~~~~~~~~~~~~~      ^
/Users/netty0911/.node-gyp/10.16.0/include/node/v8.h:5035:3: note: 'New' declared here
  static Local<Value> New(Isolate* isolate, bool value);
  ^
In file included from ../lib/kerberos.cc:1:
In file included from ../lib/kerberos.h:9:
In file included from ../../nan/nan.h:82:
In file included from ../../nan/nan_new.h:189:
../../nan/nan_implementation_12_inl.h:49:60: error: expected '(' for function-style cast or type construction
  return v8::BooleanObject::New(value).As<v8::BooleanObject>();
                                          ~~~~~~~~~~~~~~~~~^
../../nan/nan_implementation_12_inl.h:49:62: error: expected expression
  return v8::BooleanObject::New(value).As<v8::BooleanObject>();
                                                             ^
../../nan/nan_implementation_12_inl.h:158:22: warning: 'New' is deprecated [-Wdeprecated-declarations]
  return v8::RegExp::New(pattern, flags);
                     ^
/Users/netty0911/.node-gyp/10.16.0/include/node/v8.h:5109:10: note: 'New' has been explicitly marked deprecated here
  static V8_DEPRECATED("Use maybe version",
         ^
/Users/netty0911/.node-gyp/10.16.0/include/node/v8config.h:327:29: note: expanded from macro 'V8_DEPRECATED'
  declarator __attribute__((deprecated))
                            ^
In file included from ../lib/kerberos.cc:1:
In file included from ../lib/kerberos.h:9:
In file included from ../../nan/nan.h:82:
In file included from ../../nan/nan_new.h:189:
../../nan/nan_implementation_12_inl.h:166:10: error: no matching function for call to 'Compile'
  return v8::ScriptCompiler::Compile(v8::Isolate::GetCurrent(), &src);
         ^~~~~~~~~~~~~~~~~~~~~~~~~~~
/Users/netty0911/.node-gyp/10.16.0/include/node/v8.h:1510:51: note: candidate function not viable: no known conversion from 'v8::Isolate *' to 'Local<v8::Context>' for 1st argument
  static V8_WARN_UNUSED_RESULT MaybeLocal<Script> Compile(
                                                  ^
/Users/netty0911/.node-gyp/10.16.0/include/node/v8.h:1537:51: note: candidate function not viable: requires 4 arguments, but 2 were provided
  static V8_WARN_UNUSED_RESULT MaybeLocal<Script> Compile(
                                                  ^
In file included from ../lib/kerberos.cc:1:
In file included from ../lib/kerberos.h:9:
In file included from ../../nan/nan.h:82:
In file included from ../../nan/nan_new.h:189:
../../nan/nan_implementation_12_inl.h:173:10: error: no matching function for call to 'Compile'
  return v8::ScriptCompiler::Compile(v8::Isolate::GetCurrent(), &src);
         ^~~~~~~~~~~~~~~~~~~~~~~~~~~
/Users/netty0911/.node-gyp/10.16.0/include/node/v8.h:1510:51: note: candidate function not viable: no known conversion from 'v8::Isolate *' to 'Local<v8::Context>' for 1st argument
  static V8_WARN_UNUSED_RESULT MaybeLocal<Script> Compile(
                                                  ^
/Users/netty0911/.node-gyp/10.16.0/include/node/v8.h:1537:51: note: candidate function not viable: requires 4 arguments, but 2 were provided
  static V8_WARN_UNUSED_RESULT MaybeLocal<Script> Compile(
                                                  ^
In file included from ../lib/kerberos.cc:1:
In file included from ../lib/kerberos.h:9:
In file included from ../../nan/nan.h:82:
In file included from ../../nan/nan_new.h:189:
../../nan/nan_implementation_12_inl.h:206:9: error: cannot initialize a parameter of type 'v8::NewStringType' with an rvalue of type 'v8::String::NewStringType'
        v8::String::kNormalString, length);
        ^~~~~~~~~~~~~~~~~~~~~~~~~
/Users/netty0911/.node-gyp/10.16.0/include/node/v8.h:2803:64: note: passing argument to parameter 'type' here
      Isolate* isolate, const uint8_t* data, v8::NewStringType type,
                                                               ^
In file included from ../lib/kerberos.cc:1:
In file included from ../lib/kerberos.h:9:
In file included from ../../nan/nan.h:82:
In file included from ../../nan/nan_new.h:189:
../../nan/nan_implementation_12_inl.h:217:61: error: cannot initialize a parameter of type 'v8::String::ExternalOneByteStringResource *' with an lvalue of type 'v8::String::ExternalStringResource *'
  return v8::String::NewExternal(v8::Isolate::GetCurrent(), value);
                                                            ^~~~~
/Users/netty0911/.node-gyp/10.16.0/include/node/v8.h:2862:64: note: passing argument to parameter 'resource' here
                                ExternalOneByteStringResource* resource));
                                                               ^
In file included from ../lib/kerberos.cc:1:
In file included from ../lib/kerberos.h:9:
In file included from ../../nan/nan.h:82:
In file included from ../../nan/nan_new.h:189:
../../nan/nan_implementation_12_inl.h:237:30: error: no member named 'CompileUnbound' in 'v8::ScriptCompiler'
  return v8::ScriptCompiler::CompileUnbound(v8::Isolate::GetCurrent(), &src);
         ~~~~~~~~~~~~~~~~~~~~^
../../nan/nan_implementation_12_inl.h:244:30: error: no member named 'CompileUnbound' in 'v8::ScriptCompiler'
  return v8::ScriptCompiler::CompileUnbound(v8::Isolate::GetCurrent(), &src);
         ~~~~~~~~~~~~~~~~~~~~^
In file included from ../lib/kerberos.cc:1:
In file included from ../lib/kerberos.h:9:
../../nan/nan.h:248:31: warning: 'Uint32Value' is deprecated [-Wdeprecated-declarations]
      ? optionsObj->Get(opt)->Uint32Value()
                              ^
/Users/netty0911/.node-gyp/10.16.0/include/node/v8.h:2477:3: note: 'Uint32Value' has been explicitly marked deprecated here
  V8_DEPRECATED("Use maybe version", uint32_t Uint32Value() const);
  ^
/Users/netty0911/.node-gyp/10.16.0/include/node/v8config.h:327:29: note: expanded from macro 'V8_DEPRECATED'
  declarator __attribute__((deprecated))
                            ^
In file included from ../lib/kerberos.cc:1:
In file included from ../lib/kerberos.h:9:
../../nan/nan.h:261:25: error: redefinition of '_NanEnsureLocal'
NAN_INLINE v8::Local<T> _NanEnsureLocal(v8::Local<T> val) {
                        ^
../../nan/nan.h:256:25: note: previous definition is here
NAN_INLINE v8::Local<T> _NanEnsureLocal(v8::Handle<T> val) {
                        ^
../../nan/nan.h:289:39: error: no member named 'IdleNotification' in 'v8::Isolate'
    return v8::Isolate::GetCurrent()->IdleNotification(idle_time_in_ms);
           ~~~~~~~~~~~~~~~~~~~~~~~~~  ^
../../nan/nan.h:473:20: error: no type named 'GCEpilogueCallback' in 'v8::Isolate'
      v8::Isolate::GCEpilogueCallback callback
      ~~~~~~~~~~~~~^
../../nan/nan.h:479:20: error: no type named 'GCEpilogueCallback' in 'v8::Isolate'
      v8::Isolate::GCEpilogueCallback callback) {
      ~~~~~~~~~~~~~^
../../nan/nan.h:484:20: error: no type named 'GCPrologueCallback' in 'v8::Isolate'
      v8::Isolate::GCPrologueCallback callback
      ~~~~~~~~~~~~~^
../../nan/nan.h:490:20: error: no type named 'GCPrologueCallback' in 'v8::Isolate'
      v8::Isolate::GCPrologueCallback callback) {
      ~~~~~~~~~~~~~^
../../nan/nan.h:569:15: error: no type named 'WeakCallbackData' in namespace 'v8'
    const v8::WeakCallbackData<T, _NanWeakCallbackInfo<T, P> > &data) {
          ~~~~^
../../nan/nan.h:569:31: error: expected ')'
    const v8::WeakCallbackData<T, _NanWeakCallbackInfo<T, P> > &data) {
                              ^
../../nan/nan.h:568:41: note: to match this '('
  static void _NanWeakCallbackDispatcher(
                                        ^
fatal error: too many errors emitted, stopping now [-ferror-limit=]
3 warnings and 20 errors generated.
make: *** [Release/obj.target/kerberos/lib/kerberos.o] Error 1
gyp ERR! build error 
gyp ERR! stack Error: `make` failed with exit code: 2
gyp ERR! stack     at ChildProcess.onExit (/usr/local/lib/node_modules/npm/node_modules/node-gyp/lib/build.js:262:23)
gyp ERR! stack     at ChildProcess.emit (events.js:198:13)
gyp ERR! stack     at Process.ChildProcess._handle.onexit (internal/child_process.js:248:12)
gyp ERR! System Darwin 17.4.0
gyp ERR! command "/usr/local/bin/node" "/usr/local/lib/node_modules/npm/node_modules/node-gyp/bin/node-gyp.js" "rebuild"
gyp ERR! cwd /Users/netty0911/09-阿里百秀 - 副本/day02/2-代码/myalibaixiu/node_modules/kerberos
gyp ERR! node -v v10.16.0
gyp ERR! node-gyp -v v3.8.0
gyp ERR! not ok 
